[debug] [2024-05-21T01:04:34.451Z] ----------------------------------------------------------------------
[debug] [2024-05-21T01:04:34.452Z] Command:       /Users/paul.mourer/.nvm/versions/node/v20.10.0/bin/node /Users/paul.mourer/.nvm/versions/node/v20.10.0/bin/firebase deploy
[debug] [2024-05-21T01:04:34.453Z] CLI Version:   13.6.0
[debug] [2024-05-21T01:04:34.453Z] Platform:      darwin
[debug] [2024-05-21T01:04:34.453Z] Node Version:  v20.10.0
[debug] [2024-05-21T01:04:34.453Z] Time:          Mon May 20 2024 19:04:34 GMT-0600 (Mountain Daylight Time)
[debug] [2024-05-21T01:04:34.453Z] ----------------------------------------------------------------------
[debug] 
[debug] [2024-05-21T01:04:34.483Z] > command requires scopes: ["email","openid","https://www.googleapis.com/auth/cloudplatformprojects.readonly","https://www.googleapis.com/auth/firebase","https://www.googleapis.com/auth/cloud-platform"]
[debug] [2024-05-21T01:04:34.484Z] > authorizing via signed-in user (paul.mourer@onxmaps.com)
[debug] [2024-05-21T01:04:34.484Z] [iam] checking project lc-tiles for permissions ["firebase.projects.get","firebasehosting.sites.update"]
[debug] [2024-05-21T01:04:34.484Z] > refreshing access token with scopes: []
[debug] [2024-05-21T01:04:34.485Z] >>> [apiv2][query] POST https://www.googleapis.com/oauth2/v3/token [none]
[debug] [2024-05-21T01:04:34.485Z] >>> [apiv2][body] POST https://www.googleapis.com/oauth2/v3/token [omitted]
[debug] [2024-05-21T01:04:34.680Z] <<< [apiv2][status] POST https://www.googleapis.com/oauth2/v3/token 200
[debug] [2024-05-21T01:04:34.681Z] <<< [apiv2][body] POST https://www.googleapis.com/oauth2/v3/token [omitted]
[debug] [2024-05-21T01:04:34.695Z] >>> [apiv2][query] POST https://cloudresourcemanager.googleapis.com/v1/projects/lc-tiles:testIamPermissions [none]
[debug] [2024-05-21T01:04:34.696Z] >>> [apiv2][(partial)header] POST https://cloudresourcemanager.googleapis.com/v1/projects/lc-tiles:testIamPermissions x-goog-quota-user=projects/lc-tiles
[debug] [2024-05-21T01:04:34.696Z] >>> [apiv2][body] POST https://cloudresourcemanager.googleapis.com/v1/projects/lc-tiles:testIamPermissions {"permissions":["firebase.projects.get","firebasehosting.sites.update"]}
[debug] [2024-05-21T01:04:35.124Z] <<< [apiv2][status] POST https://cloudresourcemanager.googleapis.com/v1/projects/lc-tiles:testIamPermissions 200
[debug] [2024-05-21T01:04:35.125Z] <<< [apiv2][body] POST https://cloudresourcemanager.googleapis.com/v1/projects/lc-tiles:testIamPermissions {}
[debug] [2024-05-21T01:04:35.125Z] [iam] error while checking permissions, command may fail: FirebaseError: Authorization failed. This account is missing the following required permissions on project lc-tiles:

  firebase.projects.get
  firebasehosting.sites.update
[debug] [2024-05-21T01:04:35.126Z] >>> [apiv2][query] GET https://firebase.googleapis.com/v1beta1/projects/lc-tiles [none]
[debug] [2024-05-21T01:04:35.390Z] <<< [apiv2][status] GET https://firebase.googleapis.com/v1beta1/projects/lc-tiles 403
[debug] [2024-05-21T01:04:35.391Z] <<< [apiv2][body] GET https://firebase.googleapis.com/v1beta1/projects/lc-tiles {"error":{"code":403,"message":"The caller does not have permission","status":"PERMISSION_DENIED"}}
[debug] [2024-05-21T01:04:35.392Z] HTTP Error: 403, The caller does not have permission
[error] 
[error] Error: Assertion failed: resolving hosting target of a site with no site name or target name. This should have caused an error earlier
[debug] [2024-05-21T01:04:50.646Z] ----------------------------------------------------------------------
[debug] [2024-05-21T01:04:50.648Z] Command:       /Users/paul.mourer/.nvm/versions/node/v20.10.0/bin/node /Users/paul.mourer/.nvm/versions/node/v20.10.0/bin/firebase init hosting
[debug] [2024-05-21T01:04:50.648Z] CLI Version:   13.6.0
[debug] [2024-05-21T01:04:50.648Z] Platform:      darwin
[debug] [2024-05-21T01:04:50.648Z] Node Version:  v20.10.0
[debug] [2024-05-21T01:04:50.648Z] Time:          Mon May 20 2024 19:04:50 GMT-0600 (Mountain Daylight Time)
[debug] [2024-05-21T01:04:50.648Z] ----------------------------------------------------------------------
[debug] 
[debug] [2024-05-21T01:04:50.678Z] > command requires scopes: ["email","openid","https://www.googleapis.com/auth/cloudplatformprojects.readonly","https://www.googleapis.com/auth/firebase","https://www.googleapis.com/auth/cloud-platform"]
[debug] [2024-05-21T01:04:50.679Z] > authorizing via signed-in user (paul.mourer@onxmaps.com)
[info] 
     ######## #### ########  ######## ########     ###     ######  ########
     ##        ##  ##     ## ##       ##     ##  ##   ##  ##       ##
     ######    ##  ########  ######   ########  #########  ######  ######
     ##        ##  ##    ##  ##       ##     ## ##     ##       ## ##
     ##       #### ##     ## ######## ########  ##     ##  ######  ########

You're about to initialize a Firebase project in this directory:

  /Users/paul.mourer/Projects/lc-maptools

Before we get started, keep in mind:

  * You are initializing within an existing Firebase project directory

[info] 
=== Project Setup
[info] 
[info] First, let's associate this project directory with a Firebase project.
[info] You can create multiple project aliases by running firebase use --add, 
[info] but for now we'll just set up a default project.
[info] 
[debug] [2024-05-21T01:04:50.680Z] Using project from CLI flag: lc-tiles
[debug] [2024-05-21T01:04:50.681Z] >>> [apiv2][query] GET https://firebase.googleapis.com/v1beta1/projects/lc-tiles [none]
[debug] [2024-05-21T01:04:50.891Z] <<< [apiv2][status] GET https://firebase.googleapis.com/v1beta1/projects/lc-tiles 403
[debug] [2024-05-21T01:04:50.891Z] <<< [apiv2][body] GET https://firebase.googleapis.com/v1beta1/projects/lc-tiles {"error":{"code":403,"message":"The caller does not have permission","status":"PERMISSION_DENIED"}}
[debug] [2024-05-21T01:04:50.892Z] HTTP Error: 403, The caller does not have permission
[debug] [2024-05-21T01:04:50.997Z] FirebaseError: HTTP Error: 403, The caller does not have permission
    at responseToError (/Users/paul.mourer/.nvm/versions/node/v20.10.0/lib/node_modules/firebase-tools/lib/responseToError.js:49:12)
    at RetryOperation._fn (/Users/paul.mourer/.nvm/versions/node/v20.10.0/lib/node_modules/firebase-tools/lib/apiv2.js:299:77)
    at process.processTicksAndRejections (node:internal/process/task_queues:95:5)
[error] 
[error] Error: Failed to get Firebase project lc-tiles. Please make sure the project exists and your account has permission to access it.
